2021-01-26 09:38:04.601 [main] INFO  org.camunda.bpm.engine - ENGINE-00003 Initializing process engine for resource file:/Users/zhoupeng/IdeaProjects/activiti-demo/camunda/camunda-simple/target/classes/camunda.cfg.xml 
2021-01-26 09:38:05.420 [main] INFO  org.camunda.feel.FeelEngine - Engine created. [value-mapper: CompositeValueMapper(List(org.camunda.feel.impl.JavaValueMapper@353352b6)), function-provider: org.camunda.bpm.dmn.feel.impl.scala.function.CustomFunctionTransformer@6cb107fd, clock: SystemClock, configuration: Configuration(false)] 
2021-01-26 09:38:08.977 [main] INFO  org.camunda.bpm.connect - CNCT-01004 Discovered provider for connector id 'http-connector' and class 'org.camunda.connect.httpclient.impl.HttpConnectorImpl': 'org.camunda.connect.httpclient.impl.HttpConnectorProviderImpl' 
2021-01-26 09:38:08.980 [main] INFO  org.camunda.bpm.connect - CNCT-01004 Discovered provider for connector id 'soap-http-connector' and class 'org.camunda.connect.httpclient.soap.impl.SoapHttpConnectorImpl': 'org.camunda.connect.httpclient.soap.impl.SoapHttpConnectorProviderImpl' 
2021-01-26 09:38:09.106 [main] ERROR org.camunda.bpm.engine.context - ENGINE-16004 Exception while closing command context: historyLevel mismatch: configuration says HistoryLevelFull(name=full, id=3) and database says HistoryLevelAudit(name=audit, id=2) 
org.camunda.bpm.engine.ProcessEngineException: historyLevel mismatch: configuration says HistoryLevelFull(name=full, id=3) and database says HistoryLevelAudit(name=audit, id=2)
	at org.camunda.bpm.engine.impl.HistoryLevelSetupCommand.execute(HistoryLevelSetupCommand.java:60)
	at org.camunda.bpm.engine.impl.HistoryLevelSetupCommand.execute(HistoryLevelSetupCommand.java:34)
	at org.camunda.bpm.engine.impl.interceptor.CommandExecutorImpl.execute(CommandExecutorImpl.java:28)
	at org.camunda.bpm.engine.impl.interceptor.CommandContextInterceptor.execute(CommandContextInterceptor.java:110)
	at org.camunda.bpm.engine.impl.interceptor.ProcessApplicationContextInterceptor.execute(ProcessApplicationContextInterceptor.java:70)
	at org.camunda.bpm.engine.impl.interceptor.CommandCounterInterceptor.execute(CommandCounterInterceptor.java:35)
	at org.camunda.bpm.engine.impl.interceptor.LogInterceptor.execute(LogInterceptor.java:33)
	at org.camunda.bpm.engine.impl.ProcessEngineImpl.executeSchemaOperations(ProcessEngineImpl.java:149)
	at org.camunda.bpm.engine.impl.ProcessEngineImpl.<init>(ProcessEngineImpl.java:111)
	at org.camunda.bpm.engine.impl.cfg.ProcessEngineConfigurationImpl.buildProcessEngine(ProcessEngineConfigurationImpl.java:973)
	at org.camunda.bpm.engine.ProcessEngines.buildProcessEngine(ProcessEngines.java:210)
	at org.camunda.bpm.engine.ProcessEngines.initProcessEngineFromResource(ProcessEngines.java:183)
	at org.camunda.bpm.engine.ProcessEngines.init(ProcessEngines.java:111)
	at org.camunda.bpm.engine.ProcessEngines.getProcessEngine(ProcessEngines.java:248)
	at org.camunda.bpm.engine.ProcessEngines.getProcessEngine(ProcessEngines.java:241)
	at com.xylink.ProcessEngineTest3.main(ProcessEngineTest3.java:11)
2021-01-26 09:38:09.107 [main] ERROR org.camunda.bpm.engine - ENGINE-00005 Exception while initializing process engine historyLevel mismatch: configuration says HistoryLevelFull(name=full, id=3) and database says HistoryLevelAudit(name=audit, id=2) 
org.camunda.bpm.engine.ProcessEngineException: historyLevel mismatch: configuration says HistoryLevelFull(name=full, id=3) and database says HistoryLevelAudit(name=audit, id=2)
	at org.camunda.bpm.engine.impl.HistoryLevelSetupCommand.execute(HistoryLevelSetupCommand.java:60)
	at org.camunda.bpm.engine.impl.HistoryLevelSetupCommand.execute(HistoryLevelSetupCommand.java:34)
	at org.camunda.bpm.engine.impl.interceptor.CommandExecutorImpl.execute(CommandExecutorImpl.java:28)
	at org.camunda.bpm.engine.impl.interceptor.CommandContextInterceptor.execute(CommandContextInterceptor.java:110)
	at org.camunda.bpm.engine.impl.interceptor.ProcessApplicationContextInterceptor.execute(ProcessApplicationContextInterceptor.java:70)
	at org.camunda.bpm.engine.impl.interceptor.CommandCounterInterceptor.execute(CommandCounterInterceptor.java:35)
	at org.camunda.bpm.engine.impl.interceptor.LogInterceptor.execute(LogInterceptor.java:33)
	at org.camunda.bpm.engine.impl.ProcessEngineImpl.executeSchemaOperations(ProcessEngineImpl.java:149)
	at org.camunda.bpm.engine.impl.ProcessEngineImpl.<init>(ProcessEngineImpl.java:111)
	at org.camunda.bpm.engine.impl.cfg.ProcessEngineConfigurationImpl.buildProcessEngine(ProcessEngineConfigurationImpl.java:973)
	at org.camunda.bpm.engine.ProcessEngines.buildProcessEngine(ProcessEngines.java:210)
	at org.camunda.bpm.engine.ProcessEngines.initProcessEngineFromResource(ProcessEngines.java:183)
	at org.camunda.bpm.engine.ProcessEngines.init(ProcessEngines.java:111)
	at org.camunda.bpm.engine.ProcessEngines.getProcessEngine(ProcessEngines.java:248)
	at org.camunda.bpm.engine.ProcessEngines.getProcessEngine(ProcessEngines.java:241)
	at com.xylink.ProcessEngineTest3.main(ProcessEngineTest3.java:11)
2021-01-26 09:38:52.291 [main] INFO  org.camunda.bpm.engine - ENGINE-00003 Initializing process engine for resource file:/Users/zhoupeng/IdeaProjects/activiti-demo/camunda/camunda-simple/target/classes/camunda.cfg.xml 
2021-01-26 09:38:53.098 [main] INFO  org.camunda.feel.FeelEngine - Engine created. [value-mapper: CompositeValueMapper(List(org.camunda.feel.impl.JavaValueMapper@16eb3ea3)), function-provider: org.camunda.bpm.dmn.feel.impl.scala.function.CustomFunctionTransformer@4007f65e, clock: SystemClock, configuration: Configuration(false)] 
2021-01-26 09:38:56.389 [main] INFO  org.camunda.bpm.connect - CNCT-01004 Discovered provider for connector id 'http-connector' and class 'org.camunda.connect.httpclient.impl.HttpConnectorImpl': 'org.camunda.connect.httpclient.impl.HttpConnectorProviderImpl' 
2021-01-26 09:38:56.391 [main] INFO  org.camunda.bpm.connect - CNCT-01004 Discovered provider for connector id 'soap-http-connector' and class 'org.camunda.connect.httpclient.soap.impl.SoapHttpConnectorImpl': 'org.camunda.connect.httpclient.soap.impl.SoapHttpConnectorProviderImpl' 
2021-01-26 09:38:56.670 [main] INFO  org.camunda.bpm.engine - ENGINE-00001 Process Engine default created. 
2021-01-26 09:38:56.670 [main] INFO  org.camunda.bpm.engine - ENGINE-00004 Initializing process engine default 
2021-01-26 09:39:25.743 [main] INFO  org.camunda.bpm.engine - ENGINE-00003 Initializing process engine for resource file:/Users/zhoupeng/IdeaProjects/activiti-demo/camunda/camunda-simple/target/classes/camunda.cfg.xml 
2021-01-26 09:39:26.426 [main] INFO  org.camunda.feel.FeelEngine - Engine created. [value-mapper: CompositeValueMapper(List(org.camunda.feel.impl.JavaValueMapper@16eb3ea3)), function-provider: org.camunda.bpm.dmn.feel.impl.scala.function.CustomFunctionTransformer@4007f65e, clock: SystemClock, configuration: Configuration(false)] 
2021-01-26 09:39:29.427 [main] INFO  org.camunda.bpm.connect - CNCT-01004 Discovered provider for connector id 'http-connector' and class 'org.camunda.connect.httpclient.impl.HttpConnectorImpl': 'org.camunda.connect.httpclient.impl.HttpConnectorProviderImpl' 
2021-01-26 09:39:29.429 [main] INFO  org.camunda.bpm.connect - CNCT-01004 Discovered provider for connector id 'soap-http-connector' and class 'org.camunda.connect.httpclient.soap.impl.SoapHttpConnectorImpl': 'org.camunda.connect.httpclient.soap.impl.SoapHttpConnectorProviderImpl' 
2021-01-26 09:39:29.690 [main] INFO  org.camunda.bpm.engine - ENGINE-00001 Process Engine default created. 
2021-01-26 09:39:29.691 [main] INFO  org.camunda.bpm.engine - ENGINE-00004 Initializing process engine default 
2021-01-26 09:40:45.639 [main] INFO  org.camunda.bpm.engine - ENGINE-00003 Initializing process engine for resource file:/Users/zhoupeng/IdeaProjects/activiti-demo/camunda/camunda-simple/target/classes/camunda.cfg.xml 
2021-01-26 09:40:46.337 [main] INFO  org.camunda.feel.FeelEngine - Engine created. [value-mapper: CompositeValueMapper(List(org.camunda.feel.impl.JavaValueMapper@16eb3ea3)), function-provider: org.camunda.bpm.dmn.feel.impl.scala.function.CustomFunctionTransformer@4007f65e, clock: SystemClock, configuration: Configuration(false)] 
2021-01-26 09:40:49.776 [main] INFO  org.camunda.bpm.connect - CNCT-01004 Discovered provider for connector id 'http-connector' and class 'org.camunda.connect.httpclient.impl.HttpConnectorImpl': 'org.camunda.connect.httpclient.impl.HttpConnectorProviderImpl' 
2021-01-26 09:40:49.778 [main] INFO  org.camunda.bpm.connect - CNCT-01004 Discovered provider for connector id 'soap-http-connector' and class 'org.camunda.connect.httpclient.soap.impl.SoapHttpConnectorImpl': 'org.camunda.connect.httpclient.soap.impl.SoapHttpConnectorProviderImpl' 
2021-01-26 09:40:50.042 [main] INFO  org.camunda.bpm.engine - ENGINE-00001 Process Engine default created. 
2021-01-26 09:40:50.042 [main] INFO  org.camunda.bpm.engine - ENGINE-00004 Initializing process engine default 
2021-01-26 10:43:00.986 [main] INFO  org.camunda.bpm.engine - ENGINE-00003 Initializing process engine for resource file:/Users/zhoupeng/IdeaProjects/activiti-demo/camunda/camunda-simple/target/classes/camunda.cfg.xml 
2021-01-26 10:43:01.460 [main] INFO  org.camunda.bpm.engine.cfg - ENGINE-12003 Plugin 'com.xylink.MyProcessEnginePlugin@79924b' activated on process engine 'default' 
2021-01-26 10:43:01.815 [main] INFO  org.camunda.feel.FeelEngine - Engine created. [value-mapper: CompositeValueMapper(List(org.camunda.feel.impl.JavaValueMapper@5890e879)), function-provider: org.camunda.bpm.dmn.feel.impl.scala.function.CustomFunctionTransformer@15a34df2, clock: SystemClock, configuration: Configuration(false)] 
2021-01-26 10:43:05.392 [main] INFO  org.camunda.bpm.connect - CNCT-01004 Discovered provider for connector id 'http-connector' and class 'org.camunda.connect.httpclient.impl.HttpConnectorImpl': 'org.camunda.connect.httpclient.impl.HttpConnectorProviderImpl' 
2021-01-26 10:43:05.395 [main] INFO  org.camunda.bpm.connect - CNCT-01004 Discovered provider for connector id 'soap-http-connector' and class 'org.camunda.connect.httpclient.soap.impl.SoapHttpConnectorImpl': 'org.camunda.connect.httpclient.soap.impl.SoapHttpConnectorProviderImpl' 
2021-01-26 10:43:05.689 [main] INFO  org.camunda.bpm.engine - ENGINE-00001 Process Engine default created. 
2021-01-26 10:43:05.689 [main] INFO  org.camunda.bpm.engine - ENGINE-00004 Initializing process engine default 
2021-01-26 10:49:56.821 [main] INFO  org.camunda.bpm.engine - ENGINE-00003 Initializing process engine for resource file:/Users/zhoupeng/IdeaProjects/activiti-demo/camunda/camunda-simple/target/classes/camunda.cfg.xml 
2021-01-26 10:49:57.226 [main] INFO  org.camunda.bpm.engine.cfg - ENGINE-12003 Plugin 'com.xylink.MyProcessEnginePlugin@4fb0f2b9' activated on process engine 'default' 
2021-01-26 10:49:57.229 [main] ERROR org.camunda.bpm.engine - ENGINE-00005 Exception while initializing process engine null 
java.lang.NullPointerException: null
	at com.xylink.MyProcessEnginePlugin.preInit(MyProcessEnginePlugin.java:17)
	at org.camunda.bpm.engine.impl.cfg.ProcessEngineConfigurationImpl.invokePreInit(ProcessEngineConfigurationImpl.java:1255)
	at org.camunda.bpm.engine.impl.cfg.ProcessEngineConfigurationImpl.init(ProcessEngineConfigurationImpl.java:981)
	at org.camunda.bpm.engine.impl.cfg.ProcessEngineConfigurationImpl.buildProcessEngine(ProcessEngineConfigurationImpl.java:972)
	at org.camunda.bpm.engine.ProcessEngines.buildProcessEngine(ProcessEngines.java:210)
	at org.camunda.bpm.engine.ProcessEngines.initProcessEngineFromResource(ProcessEngines.java:183)
	at org.camunda.bpm.engine.ProcessEngines.init(ProcessEngines.java:111)
	at org.camunda.bpm.engine.ProcessEngines.getProcessEngine(ProcessEngines.java:248)
	at org.camunda.bpm.engine.ProcessEngines.getDefaultProcessEngine(ProcessEngines.java:237)
	at org.camunda.bpm.engine.ProcessEngines.getDefaultProcessEngine(ProcessEngines.java:233)
	at com.xylink.ProcessEngineTest.main(ProcessEngineTest.java:22)
2021-01-26 10:56:27.959 [main] INFO  org.camunda.feel.FeelEngine - Engine created. [value-mapper: CompositeValueMapper(List(org.camunda.feel.impl.JavaValueMapper@30c15d8b)), function-provider: org.camunda.bpm.dmn.feel.impl.scala.function.CustomFunctionTransformer@7a8c8dcf, clock: SystemClock, configuration: Configuration(false)] 
2021-01-26 10:56:31.648 [main] INFO  org.camunda.bpm.connect - CNCT-01004 Discovered provider for connector id 'http-connector' and class 'org.camunda.connect.httpclient.impl.HttpConnectorImpl': 'org.camunda.connect.httpclient.impl.HttpConnectorProviderImpl' 
2021-01-26 10:56:31.651 [main] INFO  org.camunda.bpm.connect - CNCT-01004 Discovered provider for connector id 'soap-http-connector' and class 'org.camunda.connect.httpclient.soap.impl.SoapHttpConnectorImpl': 'org.camunda.connect.httpclient.soap.impl.SoapHttpConnectorProviderImpl' 
2021-01-26 10:56:31.805 [main] INFO  org.camunda.bpm.engine - ENGINE-00001 Process Engine default created. 
2021-01-26 10:57:32.837 [main] INFO  org.camunda.feel.FeelEngine - Engine created. [value-mapper: CompositeValueMapper(List(org.camunda.feel.impl.JavaValueMapper@30c15d8b)), function-provider: org.camunda.bpm.dmn.feel.impl.scala.function.CustomFunctionTransformer@7a8c8dcf, clock: SystemClock, configuration: Configuration(false)] 
2021-01-26 10:57:35.996 [main] INFO  org.camunda.bpm.connect - CNCT-01004 Discovered provider for connector id 'http-connector' and class 'org.camunda.connect.httpclient.impl.HttpConnectorImpl': 'org.camunda.connect.httpclient.impl.HttpConnectorProviderImpl' 
2021-01-26 10:57:35.999 [main] INFO  org.camunda.bpm.connect - CNCT-01004 Discovered provider for connector id 'soap-http-connector' and class 'org.camunda.connect.httpclient.soap.impl.SoapHttpConnectorImpl': 'org.camunda.connect.httpclient.soap.impl.SoapHttpConnectorProviderImpl' 
2021-01-26 10:57:36.107 [main] ERROR org.camunda.bpm.engine.context - ENGINE-16004 Exception while closing command context: historyLevel mismatch: configuration says HistoryLevelFull(name=full, id=3) and database says HistoryLevelAudit(name=audit, id=2) 
org.camunda.bpm.engine.ProcessEngineException: historyLevel mismatch: configuration says HistoryLevelFull(name=full, id=3) and database says HistoryLevelAudit(name=audit, id=2)
	at org.camunda.bpm.engine.impl.HistoryLevelSetupCommand.execute(HistoryLevelSetupCommand.java:60)
	at org.camunda.bpm.engine.impl.HistoryLevelSetupCommand.execute(HistoryLevelSetupCommand.java:34)
	at org.camunda.bpm.engine.impl.interceptor.CommandExecutorImpl.execute(CommandExecutorImpl.java:28)
	at org.camunda.bpm.engine.impl.interceptor.CommandContextInterceptor.execute(CommandContextInterceptor.java:110)
	at org.camunda.bpm.engine.impl.interceptor.ProcessApplicationContextInterceptor.execute(ProcessApplicationContextInterceptor.java:70)
	at org.camunda.bpm.engine.impl.interceptor.CommandCounterInterceptor.execute(CommandCounterInterceptor.java:35)
	at org.camunda.bpm.engine.impl.interceptor.LogInterceptor.execute(LogInterceptor.java:33)
	at org.camunda.bpm.engine.impl.ProcessEngineImpl.executeSchemaOperations(ProcessEngineImpl.java:149)
	at org.camunda.bpm.engine.impl.ProcessEngineImpl.<init>(ProcessEngineImpl.java:111)
	at org.camunda.bpm.engine.impl.cfg.ProcessEngineConfigurationImpl.buildProcessEngine(ProcessEngineConfigurationImpl.java:973)
	at com.xylink.ProcessEngineTest4.main(ProcessEngineTest4.java:23)
2021-01-26 11:17:18.674 [main] INFO  org.camunda.bpm.engine.cfg - ENGINE-12003 Plugin 'com.demo.ch1.MyProcessEnginePlugin@14dd9eb7' activated on process engine 'default'
2021-01-26 11:17:38.142 [main] INFO  org.camunda.bpm.engine.cfg - ENGINE-12003 Plugin 'com.demo.ch1.MyProcessEnginePlugin@14dd9eb7' activated on process engine 'default'
2021-01-26 11:18:08.667 [main] INFO  org.camunda.bpm.engine.cfg - ENGINE-12003 Plugin 'com.demo.ch1.MyProcessEnginePlugin@14dd9eb7' activated on process engine 'default'
2021-01-26 11:19:27.768 [main] INFO  org.camunda.feel.FeelEngine - Engine created. [value-mapper: CompositeValueMapper(List(org.camunda.feel.impl.JavaValueMapper@7bba5817)), function-provider: org.camunda.bpm.dmn.feel.impl.scala.function.CustomFunctionTransformer@1972e513, clock: SystemClock, configuration: Configuration(false)] 
2021-01-26 11:19:31.241 [main] INFO  org.camunda.bpm.connect - CNCT-01004 Discovered provider for connector id 'http-connector' and class 'org.camunda.connect.httpclient.impl.HttpConnectorImpl': 'org.camunda.connect.httpclient.impl.HttpConnectorProviderImpl' 
2021-01-26 11:19:31.245 [main] INFO  org.camunda.bpm.connect - CNCT-01004 Discovered provider for connector id 'soap-http-connector' and class 'org.camunda.connect.httpclient.soap.impl.SoapHttpConnectorImpl': 'org.camunda.connect.httpclient.soap.impl.SoapHttpConnectorProviderImpl' 
2021-01-26 11:19:31.534 [main] INFO  org.camunda.bpm.engine - ENGINE-00001 Process Engine default created. 
2021-01-26 11:41:24.252 [main] INFO  org.camunda.bpm.engine - ENGINE-00003 Initializing process engine for resource file:/Users/zhoupeng/IdeaProjects/activiti-demo/camunda/camunda-simple/target/classes/camunda.cfg.xml 
2021-01-26 11:41:24.796 [main] INFO  org.camunda.bpm.engine.cfg - ENGINE-12003 Plugin 'com.demo.ch1.MyProcessEnginePlugin@5158b42f' activated on process engine 'default'
2021-01-26 11:41:24.800 [main] ERROR org.camunda.bpm.engine - ENGINE-00005 Exception while initializing process engine null 
java.lang.NullPointerException: null
	at com.demo.ch1.MyProcessEnginePlugin.preInit(MyProcessEnginePlugin.java:17)
	at org.camunda.bpm.engine.impl.cfg.ProcessEngineConfigurationImpl.invokePreInit(ProcessEngineConfigurationImpl.java:1255)
	at org.camunda.bpm.engine.impl.cfg.ProcessEngineConfigurationImpl.init(ProcessEngineConfigurationImpl.java:981)
	at org.camunda.bpm.engine.impl.cfg.ProcessEngineConfigurationImpl.buildProcessEngine(ProcessEngineConfigurationImpl.java:972)
	at org.camunda.bpm.engine.ProcessEngines.buildProcessEngine(ProcessEngines.java:210)
	at org.camunda.bpm.engine.ProcessEngines.initProcessEngineFromResource(ProcessEngines.java:183)
	at org.camunda.bpm.engine.ProcessEngines.init(ProcessEngines.java:111)
	at org.camunda.bpm.engine.ProcessEngines.getProcessEngine(ProcessEngines.java:248)
	at org.camunda.bpm.engine.ProcessEngines.getDefaultProcessEngine(ProcessEngines.java:237)
	at org.camunda.bpm.engine.ProcessEngines.getDefaultProcessEngine(ProcessEngines.java:233)
	at com.demo.ch1.spring.SpringProcessEngineTest.main(SpringProcessEngineTest.java:11)
2021-01-26 11:42:14.037 [main] INFO  org.camunda.bpm.engine - ENGINE-00003 Initializing process engine for resource file:/Users/zhoupeng/IdeaProjects/activiti-demo/camunda/camunda-simple/target/classes/camunda.cfg.xml 
2021-01-26 11:42:16.788 [main] INFO  org.camunda.bpm.engine.cfg - ENGINE-12003 Plugin 'com.demo.ch1.MyProcessEnginePlugin@78d6692f' activated on process engine 'default'
2021-01-26 11:42:16.796 [main] ERROR org.camunda.bpm.engine - ENGINE-00005 Exception while initializing process engine null 
java.lang.NullPointerException: null
	at com.demo.ch1.MyProcessEnginePlugin.preInit(MyProcessEnginePlugin.java:17)
	at org.camunda.bpm.engine.impl.cfg.ProcessEngineConfigurationImpl.invokePreInit(ProcessEngineConfigurationImpl.java:1255)
	at org.camunda.bpm.engine.impl.cfg.ProcessEngineConfigurationImpl.init(ProcessEngineConfigurationImpl.java:981)
	at org.camunda.bpm.engine.impl.cfg.ProcessEngineConfigurationImpl.buildProcessEngine(ProcessEngineConfigurationImpl.java:972)
	at org.camunda.bpm.engine.ProcessEngines.buildProcessEngine(ProcessEngines.java:210)
	at org.camunda.bpm.engine.ProcessEngines.initProcessEngineFromResource(ProcessEngines.java:183)
	at org.camunda.bpm.engine.ProcessEngines.init(ProcessEngines.java:111)
	at org.camunda.bpm.engine.ProcessEngines.getProcessEngine(ProcessEngines.java:248)
	at org.camunda.bpm.engine.ProcessEngines.getDefaultProcessEngine(ProcessEngines.java:237)
	at org.camunda.bpm.engine.ProcessEngines.getDefaultProcessEngine(ProcessEngines.java:233)
	at com.demo.ch1.spring.SpringProcessEngineTest.main(SpringProcessEngineTest.java:11)
2021-01-26 16:05:40.490 [main] INFO  com.zaxxer.hikari.HikariDataSource - HikariPool-1 - Starting... 
2021-01-26 16:05:40.797 [main] INFO  com.zaxxer.hikari.HikariDataSource - HikariPool-1 - Start completed. 
2021-01-26 16:05:43.134 [main] INFO  org.camunda.bpm.engine - ENGINE-00001 Process Engine default created. 
2021-01-26 16:06:15.565 [main] INFO  com.zaxxer.hikari.HikariDataSource - HikariPool-1 - Starting... 
2021-01-26 16:06:15.849 [main] INFO  com.zaxxer.hikari.HikariDataSource - HikariPool-1 - Start completed. 
2021-01-26 16:06:18.128 [main] INFO  org.camunda.bpm.engine - ENGINE-00001 Process Engine default created. 
2021-01-26 16:08:06.211 [main] INFO  com.zaxxer.hikari.HikariDataSource - HikariPool-1 - Starting... 
2021-01-26 16:08:06.572 [main] INFO  com.zaxxer.hikari.HikariDataSource - HikariPool-1 - Start completed. 
2021-01-26 16:08:09.341 [main] INFO  org.camunda.bpm.engine - ENGINE-00001 Process Engine default created. 
2021-01-26 16:08:44.909 [main] INFO  com.zaxxer.hikari.HikariDataSource - HikariPool-1 - Starting... 
2021-01-26 16:08:45.280 [main] INFO  com.zaxxer.hikari.HikariDataSource - HikariPool-1 - Start completed. 
2021-01-26 16:08:48.069 [main] INFO  org.camunda.bpm.engine - ENGINE-00001 Process Engine default created. 
2021-01-26 16:11:29.905 [main] INFO  com.zaxxer.hikari.HikariDataSource - HikariPool-1 - Starting... 
2021-01-26 16:11:30.251 [main] INFO  com.zaxxer.hikari.HikariDataSource - HikariPool-1 - Start completed. 
2021-01-26 16:11:33.138 [main] INFO  org.camunda.bpm.engine - ENGINE-00001 Process Engine default created. 
2021-01-26 16:16:01.891 [main] INFO  com.zaxxer.hikari.HikariDataSource - HikariPool-1 - Starting... 
2021-01-26 16:16:02.216 [main] INFO  com.zaxxer.hikari.HikariDataSource - HikariPool-1 - Start completed. 
2021-01-26 16:16:05.016 [main] INFO  org.camunda.bpm.engine - ENGINE-00001 Process Engine default created. 
2021-01-26 16:20:30.693 [main] INFO  com.zaxxer.hikari.HikariDataSource - HikariPool-1 - Starting... 
2021-01-26 16:20:31.473 [main] INFO  com.zaxxer.hikari.HikariDataSource - HikariPool-1 - Start completed. 
2021-01-26 16:20:37.557 [main] INFO  org.camunda.bpm.engine - ENGINE-00001 Process Engine default created. 
2021-01-26 16:21:06.044 [main] INFO  com.zaxxer.hikari.HikariDataSource - HikariPool-1 - Starting... 
2021-01-26 16:21:06.372 [main] INFO  com.zaxxer.hikari.HikariDataSource - HikariPool-1 - Start completed. 
2021-01-26 16:21:09.214 [main] INFO  org.camunda.bpm.engine - ENGINE-00001 Process Engine default created. 
